<?xml version="1.0" encoding="UTF-8"?>
<!-- Generated by org.testng.reporters.JUnitReportReporter -->
<testsuite hostname="apoorvas-MBP" name="Sample.Booking.AppTest" tests="1" failures="0" timestamp="21 Aug 2020 06:15:20 GMT" time="101.157" errors="0">
  <testcase name="shouldAnswerWithTrue" time="101.157" classname="Sample.Booking.AppTest"/>
</testsuite> <!-- Sample.Booking.AppTest -->
